<?xml version="1.0" encoding="utf-8"?><testsuites name="pytest tests"><testsuite name="pytest" errors="0" failures="0" skipped="0" tests="7" time="6.176" timestamp="2025-09-25T12:47:00.846398+05:30" hostname="192.168.1.5"><testcase classname="playwright_test" name="test_search_and_check_buttons" time="3.118" /><testcase classname="tests.test_api" name="test_response_time_and_status[/posts]" time="0.872" /><testcase classname="tests.test_api" name="test_response_time_and_status[/comments]" time="0.400" /><testcase classname="tests.test_api" name="test_response_time_and_status[/users]" time="0.416" /><testcase classname="tests.test_api" name="test_schema_validation[/posts]" time="0.441" /><testcase classname="tests.test_api" name="test_schema_validation[/comments]" time="0.441" /><testcase classname="tests.test_api" name="test_schema_validation[/users]" time="0.448" /></testsuite></testsuites>